c[?7l[2J[0mSeaBIOS (version 1.15.0-1)


iPXE (https://ipxe.org) 00:03.0 CA00 PCI2.10 PnP PMM+07F8B4A0+07ECB4A0 CA00
Press Ctrl-B to configure iPXE (PCI 00:03.0)...                                                                               


Booting from Hard Disk..(THU.CST) os is loading ...

Special kernel symbols:
  entry  0x00100000 (phys)
  etext  0x001036a9 (phys)
  edata  0x0010fa16 (phys)
  end    0x00110d08 (phys)
Kernel executable memory footprint: 68KB
ebp:0x00007b28 eip:0x001009b5 args:0x00010094 0x00010094 0x00007b58 0x00100093 
    kern/debug/kdebug.c:306: print_stackframe+21
ebp:0x00007b38 eip:0x00100cb3 args:0x00000000 0x00000000 0x00000000 0x00007ba8 
    kern/debug/kmonitor.c:135: mon_backtrace+10
ebp:0x00007b58 eip:0x00100093 args:0x00000000 0x00007b80 0xffff0000 0x00007b84 
    kern/init/init.c:48: grade_backtrace2+33
ebp:0x00007b78 eip:0x001000c1 args:0x00000000 0xffff0000 0x00007ba4 0x00000029 
    kern/init/init.c:53: grade_backtrace1+40
ebp:0x00007b98 eip:0x001000e1 args:0x00000000 0x00100000 0xffff0000 0x0000001d 
    kern/init/init.c:58: grade_backtrace0+23
ebp:0x00007bb8 eip:0x00100109 args:0x001036dc 0x001036c0 0x000012f2 0x00000000 
    kern/init/init.c:63: grade_backtrace+34
ebp:0x00007be8 eip:0x00100051 args:0x00000000 0x00000000 0x00000000 0x00007c4f 
    kern/init/init.c:28: kern_init+80
ebp:0x00007bf8 eip:0x00007d72 args:0xc031fcfa 0xc08ed88e 0x64e4d08e 0xfa7502a8 
    <unknow>: -- 0x00007d71 --
++ setup timer interrupts
0: @ring 0
0:  cs = 8
0:  ds = 10
0:  es = 10
0:  ss = 10
+++ switch to  user  mode +++
1: @ring 3
1:  cs = 1b
1:  ds = 23
1:  es = 23
1:  ss = 23
+++ switch to kernel mode +++
2: @ring 0
2:  cs = 8
2:  ds = 10
2:  es = 10
2:  ss = 10
100 ticks
End of Test.
kernel panic at kern/trap/trap.c:18:
    EOT: kernel seems ok.
stack trackback:
ebp:0x00007ad0 eip:0x001009b5 args:0x001039a4 0x00007b14 0x00000012 0x00000000 
    kern/debug/kdebug.c:306: print_stackframe+21
ebp:0x00007b00 eip:0x00100d24 args:0x00103a4e 0x00000012 0x00103a38 0x00007b2c 
    kern/debug/panic.c:30: __panic+103
ebp:0x00007b20 eip:0x001018d3 args:0x00007b4c 0x0000000c 0x00010094 0x00010094 
    kern/trap/trap.c:0: print_ticks+65
ebp:0x00007b50 eip:0x00101e1c args:0x00007b7c 0x0000000c 0x00103747 0x00000000 
    kern/trap/trap.c:165: trap_dispatch+159
ebp:0x00007b70 eip:0x00101fa9 args:0x00007b7c 0x00000000 0x00010094 0x00007be8 
    kern/trap/trap.c:218: trap+16
ebp:0x00007be8 eip:0x00101fc4 args:0x00000000 0x00000000 0x00000000 0x00007c4f 
    kern/trap/trapentry.S:24: <unknown>+0
ebp:0x00007bf8 eip:0x00007d72 args:0xc031fcfa 0xc08ed88e 0x64e4d08e 0xfa7502a8 
    <unknow>: -- 0x00007d71 --
Welcome to the kernel debug monitor!!
Type 'help' for a list of commands.
K> 